3.8583 	WARNING 	User requested fullscreen with size [1680 1050], but screen is actually [1920, 1080]. Using actual size
4.7569 	EXP 	Created window1 = Window(allowGUI=False, allowStencil=False, args=UNKNOWN, autoLog=True, bitsMode=UNKNOWN, blendMode='avg', color=array([-1., -1., -1.]), colorSpace='rgb', fullscr=<method-wrapper '__getattribute__' of attributeSetter object at 0x0000015123CACA90>, gamma=None, gammaErrorPolicy='raise', kwargs=UNKNOWN, lms=UNKNOWN, monitor=<psychopy.monitors.calibTools.Monitor object at 0x0000015123B79518>, multiSample=False, name='window1', numSamples=2, pos=[0.0, 0.0], screen=0, size=array([1920, 1080]), stereo=False, units='norm', useFBO=True, useRetina=False, viewOri=0.0, viewPos=None, viewScale=None, waitBlanking=True, winType='pyglet')
4.7569 	EXP 	window1: recordFrameIntervals = False
4.9238 	EXP 	window1: recordFrameIntervals = True
5.1075 	EXP 	window1: recordFrameIntervals = False
5.3459 	EXP 	Created text_Instruction = TextStim(__class__=<class 'psychopy.visual.text.TextStim'>, alignHoriz='center', alignVert='center', antialias=True, autoLog=True, bold=False, color='white', colorSpace='named', contrast=1.0, depth=0.0, flipHoriz=False, flipVert=False, font='Arial', fontFiles=[], height=0.1, italic=False, languageStyle='LTR', name='text_Instruction', opacity=1.0, ori=0, pos=array([0., 0.]), rgb=array([255., 255., 255.]), text=str(...), units='norm', win=Window(...), wrapWidth=1)
5.3668 	EXP 	Created text_SC_task = TextStim(__class__=<class 'psychopy.visual.text.TextStim'>, alignHoriz='center', alignVert='center', antialias=True, autoLog=True, bold=False, color='white', colorSpace='named', contrast=1.0, depth=0.0, flipHoriz=False, flipVert=False, font='Arial', fontFiles=[], height=0.14, italic=False, languageStyle='LTR', name='text_SC_task', opacity=1.0, ori=0, pos=array([0., 0.]), rgb=array([255., 255., 255.]), text='default text', units='norm', win=Window(...), wrapWidth=1)
5.3755 	EXP 	Created text_end = TextStim(__class__=<class 'psychopy.visual.text.TextStim'>, alignHoriz='center', alignVert='center', antialias=True, autoLog=True, bold=False, color='white', colorSpace='named', contrast=1.0, depth=0.0, flipHoriz=False, flipVert=False, font='Arial', fontFiles=[], height=0.1, italic=False, languageStyle='LTR', name='text_end', opacity=1.0, ori=0, pos=array([0., 0.]), rgb=array([255., 255., 255.]), text='Ende der Aufgabe', units='norm', win=Window(...), wrapWidth=1)
5.4067 	EXP 	text_Instruction: autoDraw = True
6.0114 	EXP 	Imported SC_training1.xlsx as conditions, 12 conditions, 1 params
6.0117 	EXP 	Created sequence: sequential, trialTypes=12, nReps=1, seed=None
6.0119 	EXP 	New trial (rep=0, index=0): OrderedDict([('SC_Stimuli', 'Nach dem Theaterstück ernteten sie viel _____.')])
6.0356 	DATA 	Keypress: space
6.0409 	EXP 	text_Instruction: autoDraw = False
6.0409 	EXP 	text_SC_task: text = 'Nach dem Theaterstück ernteten sie viel _____.'
6.0409 	EXP 	text_SC_task: autoDraw = True
11.9892 	EXP 	New trial (rep=0, index=1): OrderedDict([('SC_Stimuli', 'Das einsame Küken sucht seine _____.')])
12.0114 	EXP 	text_SC_task: autoDraw = False
12.0114 	EXP 	text_SC_task: text = 'Das einsame Küken sucht seine _____.'
12.0114 	EXP 	text_SC_task: autoDraw = True
17.9889 	EXP 	New trial (rep=0, index=2): OrderedDict([('SC_Stimuli', 'Schimpansen sind eine Gattung von _____.')])
18.0300 	EXP 	text_SC_task: autoDraw = False
18.0300 	EXP 	text_SC_task: text = 'Schimpansen sind eine Gattung von _____.'
18.0300 	EXP 	text_SC_task: autoDraw = True
23.9878 	EXP 	New trial (rep=0, index=3): OrderedDict([('SC_Stimuli', 'Das Kätzchen kletterte auf einen _____.')])
24.0119 	EXP 	text_SC_task: autoDraw = False
24.0119 	EXP 	text_SC_task: text = 'Das Kätzchen kletterte auf einen _____.'
24.0119 	EXP 	text_SC_task: autoDraw = True
29.9864 	EXP 	New trial (rep=0, index=4): OrderedDict([('SC_Stimuli', 'L vhpgjhll chkg bhp nlng _____.')])
30.0140 	EXP 	text_SC_task: autoDraw = False
30.0140 	EXP 	text_SC_task: text = 'L vhpgjhll chkg bhp nlng _____.'
30.0140 	EXP 	text_SC_task: autoDraw = True
32.8259 	DATA 	Keypress: escape
32.9881 	EXP 	window1: mouseVisible = True
3.9331 	WARNING 	User requested fullscreen with size [1680 1050], but screen is actually [1920, 1080]. Using actual size
4.8442 	EXP 	Created window1 = Window(allowGUI=False, allowStencil=False, args=UNKNOWN, autoLog=True, bitsMode=UNKNOWN, blendMode='avg', color=array([-1., -1., -1.]), colorSpace='rgb', fullscr=<method-wrapper '__getattribute__' of attributeSetter object at 0x00000275DFD6CA90>, gamma=None, gammaErrorPolicy='raise', kwargs=UNKNOWN, lms=UNKNOWN, monitor=<psychopy.monitors.calibTools.Monitor object at 0x00000275DFC39518>, multiSample=False, name='window1', numSamples=2, pos=[0.0, 0.0], screen=0, size=array([1920, 1080]), stereo=False, units='norm', useFBO=True, useRetina=False, viewOri=0.0, viewPos=None, viewScale=None, waitBlanking=True, winType='pyglet')
4.8442 	EXP 	window1: recordFrameIntervals = False
5.0100 	EXP 	window1: recordFrameIntervals = True
5.1936 	EXP 	window1: recordFrameIntervals = False
5.3971 	EXP 	Created text_Instruction = TextStim(__class__=<class 'psychopy.visual.text.TextStim'>, alignHoriz='center', alignVert='center', antialias=True, autoLog=True, bold=False, color='white', colorSpace='named', contrast=1.0, depth=0.0, flipHoriz=False, flipVert=False, font='Arial', fontFiles=[], height=0.1, italic=False, languageStyle='LTR', name='text_Instruction', opacity=1.0, ori=0, pos=array([0., 0.]), rgb=array([255., 255., 255.]), text=str(...), units='norm', win=Window(...), wrapWidth=1)
5.4187 	EXP 	Created text_SC_task = TextStim(__class__=<class 'psychopy.visual.text.TextStim'>, alignHoriz='center', alignVert='center', antialias=True, autoLog=True, bold=False, color='white', colorSpace='named', contrast=1.0, depth=0.0, flipHoriz=False, flipVert=False, font='Arial', fontFiles=[], height=0.15, italic=False, languageStyle='LTR', name='text_SC_task', opacity=1.0, ori=0, pos=array([0., 0.]), rgb=array([255., 255., 255.]), text='default text', units='norm', win=Window(...), wrapWidth=1)
5.4269 	EXP 	Created text_end = TextStim(__class__=<class 'psychopy.visual.text.TextStim'>, alignHoriz='center', alignVert='center', antialias=True, autoLog=True, bold=False, color='white', colorSpace='named', contrast=1.0, depth=0.0, flipHoriz=False, flipVert=False, font='Arial', fontFiles=[], height=0.1, italic=False, languageStyle='LTR', name='text_end', opacity=1.0, ori=0, pos=array([0., 0.]), rgb=array([255., 255., 255.]), text='Ende der Aufgabe', units='norm', win=Window(...), wrapWidth=1)
5.4579 	EXP 	text_Instruction: autoDraw = True
6.1988 	EXP 	Imported SC_training1.xlsx as conditions, 12 conditions, 1 params
6.1991 	EXP 	Created sequence: sequential, trialTypes=12, nReps=1, seed=None
6.1993 	EXP 	New trial (rep=0, index=0): OrderedDict([('SC_Stimuli', 'Nach dem Theaterstück ernteten sie viel _____.')])
6.2324 	DATA 	Keypress: space
6.2377 	EXP 	text_Instruction: autoDraw = False
6.2377 	EXP 	text_SC_task: text = 'Nach dem Theaterstück ernteten sie viel _____.'
6.2377 	EXP 	text_SC_task: autoDraw = True
12.1647 	EXP 	New trial (rep=0, index=1): OrderedDict([('SC_Stimuli', 'Das einsame Küken sucht seine _____.')])
12.2211 	EXP 	text_SC_task: autoDraw = False
12.2211 	EXP 	text_SC_task: text = 'Das einsame Küken sucht seine _____.'
12.2211 	EXP 	text_SC_task: autoDraw = True
18.1603 	EXP 	New trial (rep=0, index=2): OrderedDict([('SC_Stimuli', 'Schimpansen sind eine Gattung von _____.')])
18.2205 	EXP 	text_SC_task: autoDraw = False
18.2205 	EXP 	text_SC_task: text = 'Schimpansen sind eine Gattung von _____.'
18.2205 	EXP 	text_SC_task: autoDraw = True
24.1599 	EXP 	New trial (rep=0, index=3): OrderedDict([('SC_Stimuli', 'Das Kätzchen kletterte auf einen _____.')])
24.2059 	EXP 	text_SC_task: autoDraw = False
24.2059 	EXP 	text_SC_task: text = 'Das Kätzchen kletterte auf einen _____.'
24.2059 	EXP 	text_SC_task: autoDraw = True
30.1593 	EXP 	New trial (rep=0, index=4): OrderedDict([('SC_Stimuli', 'L vhpgjhll chkg bhp nlng _____.')])
30.2212 	EXP 	text_SC_task: autoDraw = False
30.2212 	EXP 	text_SC_task: text = 'L vhpgjhll chkg bhp nlng _____.'
30.2212 	EXP 	text_SC_task: autoDraw = True
35.1601 	DATA 	Keypress: escape
35.2947 	EXP 	window1: mouseVisible = True
