3.9492 	WARNING 	User requested fullscreen with size [1680 1050], but screen is actually [1920, 1080]. Using actual size
4.8485 	EXP 	Created window1 = Window(allowGUI=False, allowStencil=False, args=UNKNOWN, autoLog=True, bitsMode=UNKNOWN, blendMode='avg', color=array([-1., -1., -1.]), colorSpace='rgb', fullscr=<method-wrapper '__getattribute__' of attributeSetter object at 0x000002A02EBBAA90>, gamma=None, gammaErrorPolicy='raise', kwargs=UNKNOWN, lms=UNKNOWN, monitor=<psychopy.monitors.calibTools.Monitor object at 0x000002A02EA8A518>, multiSample=False, name='window1', numSamples=2, pos=[0.0, 0.0], screen=0, size=array([1920, 1080]), stereo=False, units='norm', useFBO=True, useRetina=False, viewOri=0.0, viewPos=None, viewScale=None, waitBlanking=True, winType='pyglet')
4.8485 	EXP 	window1: recordFrameIntervals = False
5.0147 	EXP 	window1: recordFrameIntervals = True
5.1981 	EXP 	window1: recordFrameIntervals = False
5.3911 	EXP 	Created text_Instruction = TextStim(__class__=<class 'psychopy.visual.text.TextStim'>, alignHoriz='center', alignVert='center', antialias=True, autoLog=True, bold=False, color='white', colorSpace='named', contrast=1.0, depth=0.0, flipHoriz=False, flipVert=False, font='Arial', fontFiles=[], height=0.1, italic=False, languageStyle='LTR', name='text_Instruction', opacity=1.0, ori=0, pos=array([0., 0.]), rgb=array([255., 255., 255.]), text=str(...), units='norm', win=Window(...), wrapWidth=1)
5.4108 	EXP 	Created text_SC_task = TextStim(__class__=<class 'psychopy.visual.text.TextStim'>, alignHoriz='center', alignVert='center', antialias=True, autoLog=True, bold=False, color='white', colorSpace='named', contrast=1.0, depth=0.0, flipHoriz=False, flipVert=False, font='Arial', fontFiles=[], height=0.16, italic=False, languageStyle='LTR', name='text_SC_task', opacity=1.0, ori=0, pos=array([0., 0.]), rgb=array([255., 255., 255.]), text='default text', units='norm', win=Window(...), wrapWidth=1)
5.4200 	EXP 	Created text_end = TextStim(__class__=<class 'psychopy.visual.text.TextStim'>, alignHoriz='center', alignVert='center', antialias=True, autoLog=True, bold=False, color='white', colorSpace='named', contrast=1.0, depth=0.0, flipHoriz=False, flipVert=False, font='Arial', fontFiles=[], height=0.1, italic=False, languageStyle='LTR', name='text_end', opacity=1.0, ori=0, pos=array([0., 0.]), rgb=array([255., 255., 255.]), text='Ende der Aufgabe', units='norm', win=Window(...), wrapWidth=1)
5.4512 	EXP 	text_Instruction: autoDraw = True
5.8591 	EXP 	Imported SC_list1.xlsx as conditions, 48 conditions, 1 params
5.8594 	EXP 	Created sequence: sequential, trialTypes=48, nReps=1, seed=None
5.8597 	EXP 	New trial (rep=0, index=0): OrderedDict([('SC_Stimuli', 'Astronauten fliegen mit Raketen ins _____.')])
5.8912 	DATA 	Keypress: space
5.8966 	EXP 	text_Instruction: autoDraw = False
5.8966 	EXP 	text_SC_task: text = 'Astronauten fliegen mit Raketen ins _____.'
5.8966 	EXP 	text_SC_task: autoDraw = True
11.8151 	EXP 	New trial (rep=0, index=1): OrderedDict([('SC_Stimuli', 'Nehmen Sie das Baby auf den _____.')])
11.8536 	EXP 	text_SC_task: autoDraw = False
11.8536 	EXP 	text_SC_task: text = 'Nehmen Sie das Baby auf den _____.'
11.8536 	EXP 	text_SC_task: autoDraw = True
17.8150 	EXP 	New trial (rep=0, index=2): OrderedDict([('SC_Stimuli', 'Sie kaufte Gem체se und frisches _____.')])
17.8599 	EXP 	text_SC_task: autoDraw = False
17.8599 	EXP 	text_SC_task: text = 'Sie kaufte Gem체se und frisches _____.'
17.8599 	EXP 	text_SC_task: autoDraw = True
23.8149 	EXP 	New trial (rep=0, index=3): OrderedDict([('SC_Stimuli', 'Suppe isst man mit einem _____.')])
23.8761 	EXP 	text_SC_task: autoDraw = False
23.8761 	EXP 	text_SC_task: text = 'Suppe isst man mit einem _____.'
23.8761 	EXP 	text_SC_task: autoDraw = True
29.8145 	EXP 	New trial (rep=0, index=4): OrderedDict([('SC_Stimuli', 'Xbg rhc hgxgr Jknrhc sp _____.')])
29.8803 	EXP 	text_SC_task: autoDraw = False
29.8803 	EXP 	text_SC_task: text = 'Xbg rhc hgxgr Jknrhc sp _____.'
29.8803 	EXP 	text_SC_task: autoDraw = True
35.8130 	EXP 	New trial (rep=0, index=5): OrderedDict([('SC_Stimuli', 'Xbg rkc vhrmgr mbgn sx mhp _____.')])
35.8542 	EXP 	text_SC_task: autoDraw = False
35.8542 	EXP 	text_SC_task: text = 'Xbg rkc vhrmgr mbgn sx mhp _____.'
35.8542 	EXP 	text_SC_task: autoDraw = True
41.8115 	EXP 	New trial (rep=0, index=6): OrderedDict([('SC_Stimuli', 'Bg mrkxg h nkxg kn h nsgzg gk _____.')])
41.8581 	EXP 	text_SC_task: autoDraw = False
41.8581 	EXP 	text_SC_task: text = 'Bg mrkxg h nkxg kn h nsgzg gk _____.'
41.8581 	EXP 	text_SC_task: autoDraw = True
47.8119 	EXP 	New trial (rep=0, index=7): OrderedDict([('SC_Stimuli', 'Pbg mgnx xk Rspngc Mkrlr hnr phm Jszmgc _____.')])
47.8758 	EXP 	text_SC_task: autoDraw = False
47.8758 	EXP 	text_SC_task: text = 'Pbg mgnx xk Rspngc Mkrlr hnr phm Jszmgc _____.'
47.8758 	EXP 	text_SC_task: autoDraw = True
53.8135 	EXP 	New trial (rep=0, index=8): OrderedDict([('SC_Stimuli', 'Sie gab ihm einen innigen _____.')])
53.8620 	EXP 	text_SC_task: autoDraw = False
53.8620 	EXP 	text_SC_task: text = 'Sie gab ihm einen innigen _____.'
53.8620 	EXP 	text_SC_task: autoDraw = True
59.8099 	EXP 	New trial (rep=0, index=9): OrderedDict([('SC_Stimuli', 'Wale und Delfine leben im _____.')])
59.8543 	EXP 	text_SC_task: autoDraw = False
59.8543 	EXP 	text_SC_task: text = 'Wale und Delfine leben im _____.'
59.8543 	EXP 	text_SC_task: autoDraw = True
65.8091 	EXP 	New trial (rep=0, index=10): OrderedDict([('SC_Stimuli', 'Wenn die Lichter ausgehen, ist es _____.')])
65.8565 	EXP 	text_SC_task: autoDraw = False
65.8565 	EXP 	text_SC_task: text = 'Wenn die Lichter ausgehen, ist es _____.'
65.8565 	EXP 	text_SC_task: autoDraw = True
71.8078 	EXP 	New trial (rep=0, index=11): OrderedDict([('SC_Stimuli', 'Zur Entscheidung werfen wir eine _____.')])
71.8537 	EXP 	text_SC_task: autoDraw = False
71.8537 	EXP 	text_SC_task: text = 'Zur Entscheidung werfen wir eine _____.'
71.8537 	EXP 	text_SC_task: autoDraw = True
77.8080 	EXP 	New trial (rep=0, index=12): OrderedDict([('SC_Stimuli', 'Lsknp bhtg tgrc pbhrn _____.')])
77.8505 	EXP 	text_SC_task: autoDraw = False
77.8505 	EXP 	text_SC_task: text = 'Lsknp bhtg tgrc pbhrn _____.'
77.8505 	EXP 	text_SC_task: autoDraw = True
83.8064 	EXP 	New trial (rep=0, index=13): OrderedDict([('SC_Stimuli', 'Bg hxg h nghnqx vqxxgr hnr wgllc _____.')])
83.8523 	EXP 	text_SC_task: autoDraw = False
83.8523 	EXP 	text_SC_task: text = 'Bg hxg h nghnqx vqxxgr hnr wgllc _____.'
83.8523 	EXP 	text_SC_task: autoDraw = True
89.8073 	EXP 	New trial (rep=0, index=14): OrderedDict([('SC_Stimuli', 'Mg qpqhllc ghx msxb gkrmp hnr _____.')])
89.8504 	EXP 	text_SC_task: autoDraw = False
89.8504 	EXP 	text_SC_task: text = 'Mg qpqhllc ghx msxb gkrmp hnr _____.'
89.8504 	EXP 	text_SC_task: autoDraw = True
95.8062 	EXP 	New trial (rep=0, index=15): OrderedDict([('SC_Stimuli', 'Mbgn Sk xbsrpxc S mhnx pkjgxbsnc xk _____.')])
95.8769 	EXP 	text_SC_task: autoDraw = False
95.8769 	EXP 	text_SC_task: text = 'Mbgn Sk xbsrpxc S mhnx pkjgxbsnc xk _____.'
95.8769 	EXP 	text_SC_task: autoDraw = True
101.8039 	EXP 	New trial (rep=0, index=16): OrderedDict([('SC_Stimuli', 'Vom rostigen Auto bl채tterte der _____.')])
101.8477 	EXP 	text_SC_task: autoDraw = False
101.8477 	EXP 	text_SC_task: text = 'Vom rostigen Auto bl채tterte der _____.'
101.8477 	EXP 	text_SC_task: autoDraw = True
107.8195 	EXP 	New trial (rep=0, index=17): OrderedDict([('SC_Stimuli', 'Ein Dreieck hat drei  _____.')])
107.8569 	EXP 	text_SC_task: autoDraw = False
107.8569 	EXP 	text_SC_task: text = 'Ein Dreieck hat drei  _____.'
107.8569 	EXP 	text_SC_task: autoDraw = True
113.8190 	EXP 	New trial (rep=0, index=18): OrderedDict([('SC_Stimuli', 'Beim Sturm brach am Segelboot der _____.')])
113.8550 	EXP 	text_SC_task: autoDraw = False
113.8550 	EXP 	text_SC_task: text = 'Beim Sturm brach am Segelboot der _____.'
113.8550 	EXP 	text_SC_task: autoDraw = True
119.8192 	EXP 	New trial (rep=0, index=19): OrderedDict([('SC_Stimuli', 'Die Arbeiter rodeten den _____.')])
119.8559 	EXP 	text_SC_task: autoDraw = False
119.8559 	EXP 	text_SC_task: text = 'Die Arbeiter rodeten den _____.'
119.8559 	EXP 	text_SC_task: autoDraw = True
125.8183 	EXP 	New trial (rep=0, index=20): OrderedDict([('SC_Stimuli', 'S mggn jc jkngc sn h _____.')])
125.8724 	EXP 	text_SC_task: autoDraw = False
125.8724 	EXP 	text_SC_task: text = 'S mggn jc jkngc sn h _____.'
125.8724 	EXP 	text_SC_task: autoDraw = True
131.8169 	EXP 	New trial (rep=0, index=21): OrderedDict([('SC_Stimuli', 'Kn xbg vghzb xbgrg sp h lkx gk _____.')])
131.8696 	EXP 	text_SC_task: autoDraw = False
131.8696 	EXP 	text_SC_task: text = 'Kn xbg vghzb xbgrg sp h lkx gk _____.'
131.8696 	EXP 	text_SC_task: autoDraw = True
134.9869 	DATA 	Keypress: escape
135.2354 	EXP 	window1: mouseVisible = True
