4.4718 	WARNING 	User requested fullscreen with size [1680 1050], but screen is actually [1920, 1080]. Using actual size
5.4086 	EXP 	Created window1 = Window(allowGUI=False, allowStencil=False, args=UNKNOWN, autoLog=True, bitsMode=UNKNOWN, blendMode='avg', color=array([-1., -1., -1.]), colorSpace='rgb', fullscr=<method-wrapper '__getattribute__' of attributeSetter object at 0x000001DA067DDA90>, gamma=None, gammaErrorPolicy='raise', kwargs=UNKNOWN, lms=UNKNOWN, monitor=<psychopy.monitors.calibTools.Monitor object at 0x000001DA0666B518>, multiSample=False, name='window1', numSamples=2, pos=[0.0, 0.0], screen=0, size=array([1920, 1080]), stereo=False, units='norm', useFBO=True, useRetina=False, viewOri=0.0, viewPos=None, viewScale=None, waitBlanking=True, winType='pyglet')
5.4086 	EXP 	window1: recordFrameIntervals = False
5.5746 	EXP 	window1: recordFrameIntervals = True
5.7582 	EXP 	window1: recordFrameIntervals = False
5.9455 	EXP 	Created text_Instruction = TextStim(__class__=<class 'psychopy.visual.text.TextStim'>, alignHoriz='center', alignVert='center', antialias=True, autoLog=True, bold=False, color='white', colorSpace='named', contrast=1.0, depth=0.0, flipHoriz=False, flipVert=False, font='Arial', fontFiles=[], height=0.1, italic=False, languageStyle='LTR', name='text_Instruction', opacity=1.0, ori=0, pos=array([0., 0.]), rgb=array([255., 255., 255.]), text=str(...), units='norm', win=Window(...), wrapWidth=1)
5.9634 	EXP 	Created text_SC_task = TextStim(__class__=<class 'psychopy.visual.text.TextStim'>, alignHoriz='center', alignVert='center', antialias=True, autoLog=True, bold=False, color='white', colorSpace='named', contrast=1.0, depth=0.0, flipHoriz=False, flipVert=False, font='Arial', fontFiles=[], height=0.12, italic=False, languageStyle='LTR', name='text_SC_task', opacity=1.0, ori=0, pos=array([0., 0.]), rgb=array([255., 255., 255.]), text='default text', units='norm', win=Window(...), wrapWidth=1)
5.9732 	EXP 	Created text_end = TextStim(__class__=<class 'psychopy.visual.text.TextStim'>, alignHoriz='center', alignVert='center', antialias=True, autoLog=True, bold=False, color='white', colorSpace='named', contrast=1.0, depth=0.0, flipHoriz=False, flipVert=False, font='Arial', fontFiles=[], height=0.1, italic=False, languageStyle='LTR', name='text_end', opacity=1.0, ori=0, pos=array([0., 0.]), rgb=array([255., 255., 255.]), text='Ende der Aufgabe', units='norm', win=Window(...), wrapWidth=1)
6.0035 	EXP 	text_Instruction: autoDraw = True
7.0882 	EXP 	Imported SC_training1.xlsx as conditions, 12 conditions, 1 params
7.0886 	EXP 	Created sequence: sequential, trialTypes=12, nReps=1, seed=None
7.0890 	EXP 	New trial (rep=0, index=0): OrderedDict([('SC_Stimuli', 'Nach dem Theaterstück ernteten sie viel _____.')])
7.1128 	DATA 	Keypress: space
7.1179 	EXP 	text_Instruction: autoDraw = False
7.1179 	EXP 	text_SC_task: text = 'Nach dem Theaterstück ernteten sie viel _____.'
7.1179 	EXP 	text_SC_task: autoDraw = True
13.0258 	EXP 	New trial (rep=0, index=1): OrderedDict([('SC_Stimuli', 'Das einsame Küken sucht seine _____.')])
13.0617 	EXP 	text_SC_task: autoDraw = False
13.0617 	EXP 	text_SC_task: text = 'Das einsame Küken sucht seine _____.'
13.0617 	EXP 	text_SC_task: autoDraw = True
19.0264 	EXP 	New trial (rep=0, index=2): OrderedDict([('SC_Stimuli', 'Schimpansen sind eine Gattung von _____.')])
19.0734 	EXP 	text_SC_task: autoDraw = False
19.0734 	EXP 	text_SC_task: text = 'Schimpansen sind eine Gattung von _____.'
19.0734 	EXP 	text_SC_task: autoDraw = True
25.0227 	EXP 	New trial (rep=0, index=3): OrderedDict([('SC_Stimuli', 'Das Kätzchen kletterte auf einen _____.')])
25.0433 	EXP 	text_SC_task: autoDraw = False
25.0433 	EXP 	text_SC_task: text = 'Das Kätzchen kletterte auf einen _____.'
25.0433 	EXP 	text_SC_task: autoDraw = True
31.0237 	EXP 	New trial (rep=0, index=4): OrderedDict([('SC_Stimuli', 'L vhpgjhll chkg bhp nlng _____.')])
31.0705 	EXP 	text_SC_task: autoDraw = False
31.0705 	EXP 	text_SC_task: text = 'L vhpgjhll chkg bhp nlng _____.'
31.0705 	EXP 	text_SC_task: autoDraw = True
34.7145 	DATA 	Keypress: escape
34.9474 	EXP 	window1: mouseVisible = True
