3.6925 	WARNING 	User requested fullscreen with size [1680 1050], but screen is actually [1920, 1080]. Using actual size
4.5925 	EXP 	Created window1 = Window(allowGUI=False, allowStencil=False, args=UNKNOWN, autoLog=True, bitsMode=UNKNOWN, blendMode='avg', color=array([-1., -1., -1.]), colorSpace='rgb', fullscr=<method-wrapper '__getattribute__' of attributeSetter object at 0x000002CD0495CA90>, gamma=None, gammaErrorPolicy='raise', kwargs=UNKNOWN, lms=UNKNOWN, monitor=<psychopy.monitors.calibTools.Monitor object at 0x000002CD04829518>, multiSample=False, name='window1', numSamples=2, pos=[0.0, 0.0], screen=0, size=array([1920, 1080]), stereo=False, units='norm', useFBO=True, useRetina=False, viewOri=0.0, viewPos=None, viewScale=None, waitBlanking=True, winType='pyglet')
4.5925 	EXP 	window1: recordFrameIntervals = False
4.7594 	EXP 	window1: recordFrameIntervals = True
4.9429 	EXP 	window1: recordFrameIntervals = False
5.1624 	EXP 	Created text_Instruction = TextStim(__class__=<class 'psychopy.visual.text.TextStim'>, alignHoriz='center', alignVert='center', antialias=True, autoLog=True, bold=False, color='white', colorSpace='named', contrast=1.0, depth=0.0, flipHoriz=False, flipVert=False, font='Arial', fontFiles=[], height=0.1, italic=False, languageStyle='LTR', name='text_Instruction', opacity=1.0, ori=0, pos=array([0., 0.]), rgb=array([255., 255., 255.]), text=str(...), units='norm', win=Window(...), wrapWidth=1)
5.1848 	EXP 	Created text_SC_task = TextStim(__class__=<class 'psychopy.visual.text.TextStim'>, alignHoriz='center', alignVert='center', antialias=True, autoLog=True, bold=False, color='white', colorSpace='named', contrast=1.0, depth=0.0, flipHoriz=False, flipVert=False, font='Arial', fontFiles=[], height=0.16, italic=False, languageStyle='LTR', name='text_SC_task', opacity=1.0, ori=0, pos=array([0., 0.]), rgb=array([255., 255., 255.]), text='default text', units='norm', win=Window(...), wrapWidth=1)
5.1943 	EXP 	Created text_end = TextStim(__class__=<class 'psychopy.visual.text.TextStim'>, alignHoriz='center', alignVert='center', antialias=True, autoLog=True, bold=False, color='white', colorSpace='named', contrast=1.0, depth=0.0, flipHoriz=False, flipVert=False, font='Arial', fontFiles=[], height=0.1, italic=False, languageStyle='LTR', name='text_end', opacity=1.0, ori=0, pos=array([0., 0.]), rgb=array([255., 255., 255.]), text='Ende der Aufgabe', units='norm', win=Window(...), wrapWidth=1)
5.2256 	EXP 	text_Instruction: autoDraw = True
5.6305 	DATA 	Keypress: space
5.6999 	EXP 	Imported SC_training1.xlsx as conditions, 12 conditions, 1 params
5.7001 	EXP 	Created sequence: sequential, trialTypes=12, nReps=1, seed=None
5.7003 	EXP 	New trial (rep=0, index=0): OrderedDict([('SC_Stimuli', 'Nach dem Theaterstück ernteten sie viel _____.')])
5.7349 	EXP 	text_Instruction: autoDraw = False
5.7349 	EXP 	text_SC_task: text = 'Nach dem Theaterstück ernteten sie viel _____.'
5.7349 	EXP 	text_SC_task: autoDraw = True
11.6595 	EXP 	New trial (rep=0, index=1): OrderedDict([('SC_Stimuli', 'Das einsame Küken sucht seine _____.')])
11.7019 	EXP 	text_SC_task: autoDraw = False
11.7019 	EXP 	text_SC_task: text = 'Das einsame Küken sucht seine _____.'
11.7019 	EXP 	text_SC_task: autoDraw = True
17.6595 	EXP 	New trial (rep=0, index=2): OrderedDict([('SC_Stimuli', 'Schimpansen sind eine Gattung von _____.')])
17.7178 	EXP 	text_SC_task: autoDraw = False
17.7178 	EXP 	text_SC_task: text = 'Schimpansen sind eine Gattung von _____.'
17.7178 	EXP 	text_SC_task: autoDraw = True
23.6597 	EXP 	New trial (rep=0, index=3): OrderedDict([('SC_Stimuli', 'Das Kätzchen kletterte auf einen _____.')])
23.7212 	EXP 	text_SC_task: autoDraw = False
23.7212 	EXP 	text_SC_task: text = 'Das Kätzchen kletterte auf einen _____.'
23.7212 	EXP 	text_SC_task: autoDraw = True
29.6580 	EXP 	New trial (rep=0, index=4): OrderedDict([('SC_Stimuli', 'L vhpgjhll chkg bhp nlng _____.')])
29.7237 	EXP 	text_SC_task: autoDraw = False
29.7237 	EXP 	text_SC_task: text = 'L vhpgjhll chkg bhp nlng _____.'
29.7237 	EXP 	text_SC_task: autoDraw = True
35.6559 	EXP 	New trial (rep=0, index=5): OrderedDict([('SC_Stimuli', 'Ibg knnkpyxg kg snpsrg lp _____.')])
35.6962 	EXP 	text_SC_task: autoDraw = False
35.6962 	EXP 	text_SC_task: text = 'Ibg knnkpyxg kg snpsrg lp _____.'
35.6962 	EXP 	text_SC_task: autoDraw = True
41.6560 	EXP 	New trial (rep=0, index=6): OrderedDict([('SC_Stimuli', 'Kbglg sp sk pzbdkl kn Pmxqrrhc kr _____.')])
41.7058 	EXP 	text_SC_task: autoDraw = False
41.7058 	EXP 	text_SC_task: text = 'Kbglg sp sk pzbdkl kn Pmxqrrhc kr _____.'
41.7058 	EXP 	text_SC_task: autoDraw = True
47.6546 	EXP 	New trial (rep=0, index=7): OrderedDict([('SC_Stimuli', 'Xk jfmg nqrnlg clq jsd ngr hmr _____.')])
47.7000 	EXP 	text_SC_task: autoDraw = False
47.7000 	EXP 	text_SC_task: text = 'Xk jfmg nqrnlg clq jsd ngr hmr _____.'
47.7000 	EXP 	text_SC_task: autoDraw = True
53.6535 	EXP 	New trial (rep=0, index=8): OrderedDict([('SC_Stimuli', 'Der Kapitän lenkte geschickt sein _____.')])
53.6974 	EXP 	text_SC_task: autoDraw = False
53.6974 	EXP 	text_SC_task: text = 'Der Kapitän lenkte geschickt sein _____.'
53.6974 	EXP 	text_SC_task: autoDraw = True
59.6518 	EXP 	New trial (rep=0, index=9): OrderedDict([('SC_Stimuli', 'Zu viele Süßigkeiten machen _____.')])
59.6800 	EXP 	text_SC_task: autoDraw = False
59.6800 	EXP 	text_SC_task: text = 'Zu viele Süßigkeiten machen _____.'
59.6800 	EXP 	text_SC_task: autoDraw = True
65.6558 	EXP 	New trial (rep=0, index=10): OrderedDict([('SC_Stimuli', 'Die Biertrinker hoben ihre _____.')])
65.7121 	EXP 	text_SC_task: autoDraw = False
65.7121 	EXP 	text_SC_task: text = 'Die Biertrinker hoben ihre _____.'
65.7121 	EXP 	text_SC_task: autoDraw = True
71.6515 	EXP 	New trial (rep=0, index=11): OrderedDict([('SC_Stimuli', 'Sie bezieht das Bett mit frischem _____.')])
71.7095 	EXP 	text_SC_task: autoDraw = False
71.7095 	EXP 	text_SC_task: text = 'Sie bezieht das Bett mit frischem _____.'
71.7095 	EXP 	text_SC_task: autoDraw = True
77.6665 	EXP 	text_SC_task: autoDraw = False
77.6665 	EXP 	text_end: autoDraw = True
80.5183 	DATA 	Keypress: escape
80.7309 	EXP 	window1: mouseVisible = True
