1.3062 	WARNING 	We strongly recommend you activate the PTB sound engine in PsychoPy prefs as the preferred audio engine. Its timing is vastly superior. Your prefs are currently set to use ['sounddevice', 'PTB', 'pyo', 'pygame'] (in that order).
7.2498 	WARNING 	User requested fullscreen with size [2560 1440], but screen is actually [3840, 2160]. Using actual size
8.4962 	EXP 	Created window1 = Window(allowGUI=False, allowStencil=False, args=UNKNOWN, autoLog=True, bitsMode=UNKNOWN, blendMode='avg', bpc=(8, 8, 8), color='black', colorSpace='named', depthBits=8, fullscr=<method-wrapper '__getattribute__' of attributeSetter object at 0x0000025170C42630>, gamma=None, gammaErrorPolicy='raise', kwargs=UNKNOWN, lms=UNKNOWN, monitor=<psychopy.monitors.calibTools.Monitor object at 0x0000025170F87048>, multiSample=False, name='window1', numSamples=2, pos=[0.0, 0.0], screen=0, size=array([3840, 2160]), stencilBits=0, stereo=False, units='height', useFBO=True, useRetina=False, viewOri=0.0, viewPos=None, viewScale=None, waitBlanking=True, winType='pyglet')
8.4964 	EXP 	window1: recordFrameIntervals = False
8.6618 	EXP 	window1: recordFrameIntervals = True
8.8464 	EXP 	window1: recordFrameIntervals = False
9.1810 	EXP 	Created text = TextStim(__class__=<class 'psychopy.visual.text.TextStim'>, alignHoriz=method-wrapper(...), alignText='center', alignVert=method-wrapper(...), anchorHoriz='center', anchorVert='center', antialias=True, autoLog=True, bold=False, color='white', colorSpace='named', contrast=1.0, depth=0.0, flipHoriz=False, flipVert=False, font='Arial', fontFiles=[], height=0.1, italic=False, languageStyle='LTR', name='text', opacity=1.0, ori=0, pos=array([0., 0.]), rgb=array([255., 255., 255.]), text='Press space key to start', units='height', win=Window(...), wrapWidth=1)
9.2024 	EXP 	Created text_3 = TextStim(__class__=<class 'psychopy.visual.text.TextStim'>, alignHoriz=method-wrapper(...), alignText='center', alignVert=method-wrapper(...), anchorHoriz='center', anchorVert='center', antialias=True, autoLog=True, bold=False, color='white', colorSpace='named', contrast=1.0, depth=0.0, flipHoriz=False, flipVert=False, font='Arial', fontFiles=[], height=0.1, italic=False, languageStyle='LTR', name='text_3', opacity=1.0, ori=0, pos=array([0., 0.]), rgb=array([255., 255., 255.]), text='default text', units='height', win=Window(...), wrapWidth=1)
9.2221 	EXP 	Created text_2 = TextStim(__class__=<class 'psychopy.visual.text.TextStim'>, alignHoriz=method-wrapper(...), alignText='center', alignVert=method-wrapper(...), anchorHoriz='center', anchorVert='center', antialias=True, autoLog=True, bold=False, color='white', colorSpace='named', contrast=1.0, depth=0.0, flipHoriz=False, flipVert=False, font='Arial', fontFiles=[], height=0.1, italic=False, languageStyle='LTR', name='text_2', opacity=1.0, ori=0, pos=array([0., 0.]), rgb=array([255., 255., 255.]), text='Finished!', units='height', win=Window(...), wrapWidth=1)
9.3652 	EXP 	text: autoDraw = True
10.6775 	EXP 	Imported SWG_training1.xlsx as conditions, 6 conditions, 1 params
10.6777 	EXP 	Created sequence: sequential, trialTypes=6, nReps=1, seed=None
10.6779 	EXP 	New trial (rep=0, index=0): OrderedDict([('letter', 'H')])
10.6872 	DATA 	Keypress: space
10.6894 	EXP 	text: autoDraw = False
10.6894 	EXP 	text_3: text = 'H'
10.6894 	EXP 	text_3: autoDraw = True
20.6472 	EXP 	New trial (rep=0, index=1): OrderedDict([('letter', 'K')])
20.6618 	EXP 	text_3: autoDraw = False
20.6618 	EXP 	text_3: text = 'K'
20.6618 	EXP 	text_3: autoDraw = True
30.6479 	EXP 	New trial (rep=0, index=2): OrderedDict([('letter', 'ⴉ')])
30.6702 	EXP 	text_3: autoDraw = False
30.6702 	EXP 	text_3: text = 'ⴉ'
30.6702 	EXP 	text_3: autoDraw = True
40.6501 	EXP 	New trial (rep=0, index=3): OrderedDict([('letter', 'ꚏ')])
40.6733 	EXP 	text_3: autoDraw = False
40.6733 	EXP 	text_3: text = 'ꚏ'
40.6733 	EXP 	text_3: autoDraw = True
50.6503 	EXP 	New trial (rep=0, index=4): OrderedDict([('letter', 'G')])
50.6737 	EXP 	text_3: autoDraw = False
50.6737 	EXP 	text_3: text = 'G'
50.6737 	EXP 	text_3: autoDraw = True
60.6504 	EXP 	New trial (rep=0, index=5): OrderedDict([('letter', 'P')])
60.6652 	EXP 	text_3: autoDraw = False
60.6652 	EXP 	text_3: text = 'P'
60.6652 	EXP 	text_3: autoDraw = True
70.6658 	EXP 	text_3: autoDraw = False
70.6658 	EXP 	text_2: autoDraw = True
73.4527 	DATA 	Keypress: space
73.6492 	EXP 	text_2: autoDraw = False
73.7768 	EXP 	window1: mouseVisible = True
