1.4457 	WARNING 	We strongly recommend you activate the PTB sound engine in PsychoPy prefs as the preferred audio engine. Its timing is vastly superior. Your prefs are currently set to use ['sounddevice', 'PTB', 'pyo', 'pygame'] (in that order).
8.1269 	WARNING 	User requested fullscreen with size [2560 1440], but screen is actually [3840, 2160]. Using actual size
9.7967 	EXP 	Created window1 = Window(allowGUI=False, allowStencil=False, args=UNKNOWN, autoLog=True, bitsMode=UNKNOWN, blendMode='avg', bpc=(8, 8, 8), color='black', colorSpace='named', depthBits=8, fullscr=<method-wrapper '__getattribute__' of attributeSetter object at 0x000001FBDC1CACC0>, gamma=None, gammaErrorPolicy='raise', kwargs=UNKNOWN, lms=UNKNOWN, monitor=<psychopy.monitors.calibTools.Monitor object at 0x000001FBDBDA99B0>, multiSample=False, name='window1', numSamples=2, pos=[0.0, 0.0], screen=0, size=array([3840, 2160]), stencilBits=0, stereo=False, units='height', useFBO=True, useRetina=False, viewOri=0.0, viewPos=None, viewScale=None, waitBlanking=True, winType='pyglet')
9.7968 	EXP 	window1: recordFrameIntervals = False
9.9623 	EXP 	window1: recordFrameIntervals = True
10.1463 	EXP 	window1: recordFrameIntervals = False
10.4720 	EXP 	Created text = TextStim(__class__=<class 'psychopy.visual.text.TextStim'>, alignHoriz=method-wrapper(...), alignText='center', alignVert=method-wrapper(...), anchorHoriz='center', anchorVert='center', antialias=True, autoLog=True, bold=False, color='white', colorSpace='named', contrast=1.0, depth=0.0, flipHoriz=False, flipVert=False, font='Arial', fontFiles=[], height=0.1, italic=False, languageStyle='LTR', name='text', opacity=1.0, ori=0, pos=array([0., 0.]), rgb=array([255., 255., 255.]), text='Press space key to start', units='height', win=Window(...), wrapWidth=1)
10.4998 	EXP 	Created text_3 = TextStim(__class__=<class 'psychopy.visual.text.TextStim'>, alignHoriz=method-wrapper(...), alignText='center', alignVert=method-wrapper(...), anchorHoriz='center', anchorVert='center', antialias=True, autoLog=True, bold=False, color='white', colorSpace='named', contrast=1.0, depth=0.0, flipHoriz=False, flipVert=False, font='Arial', fontFiles=[], height=0.1, italic=False, languageStyle='LTR', name='text_3', opacity=1.0, ori=0, pos=array([0., 0.]), rgb=array([255., 255., 255.]), text='default text', units='height', win=Window(...), wrapWidth=1)
10.5262 	EXP 	Created text_2 = TextStim(__class__=<class 'psychopy.visual.text.TextStim'>, alignHoriz=method-wrapper(...), alignText='center', alignVert=method-wrapper(...), anchorHoriz='center', anchorVert='center', antialias=True, autoLog=True, bold=False, color='white', colorSpace='named', contrast=1.0, depth=0.0, flipHoriz=False, flipVert=False, font='Arial', fontFiles=[], height=0.1, italic=False, languageStyle='LTR', name='text_2', opacity=1.0, ori=0, pos=array([0., 0.]), rgb=array([255., 255., 255.]), text='Finished!', units='height', win=Window(...), wrapWidth=1)
10.5603 	EXP 	text: autoDraw = True
15.8516 	DATA 	Keypress: space
16.0585 	EXP 	Imported stimuli.xlsx as conditions, 24 conditions, 1 params
16.0587 	EXP 	Created sequence: sequential, trialTypes=24, nReps=24, seed=None
16.0590 	EXP 	New trial (rep=0, index=0): OrderedDict([('letter', 'ծ')])
16.0793 	EXP 	text: autoDraw = False
16.0793 	EXP 	text_3: text = 'ծ'
16.0793 	EXP 	text_3: autoDraw = True
25.8838 	EXP 	New trial (rep=0, index=1): OrderedDict([('letter', 'ճ')])
25.9150 	EXP 	text_3: autoDraw = False
25.9150 	EXP 	text_3: text = 'ճ'
25.9150 	EXP 	text_3: autoDraw = True
35.8823 	EXP 	New trial (rep=0, index=2): OrderedDict([('letter', 'D')])
35.9199 	EXP 	text_3: autoDraw = False
35.9199 	EXP 	text_3: text = 'D'
35.9199 	EXP 	text_3: autoDraw = True
45.8829 	EXP 	New trial (rep=0, index=3): OrderedDict([('letter', 'A')])
45.9172 	EXP 	text_3: autoDraw = False
45.9172 	EXP 	text_3: text = 'A'
45.9172 	EXP 	text_3: autoDraw = True
55.8835 	EXP 	New trial (rep=0, index=4): OrderedDict([('letter', '\u1cb0')])
55.9491 	EXP 	text_3: autoDraw = False
55.9491 	EXP 	text_3: text = '\u1cb0'
55.9491 	EXP 	text_3: autoDraw = True
64.4524 	DATA 	Keypress: escape
64.8207 	EXP 	window1: mouseVisible = True
