1.9668 	WARNING 	We strongly recommend you activate the PTB sound engine in PsychoPy prefs as the preferred audio engine. Its timing is vastly superior. Your prefs are currently set to use ['sounddevice', 'PTB', 'pyo', 'pygame'] (in that order).
12.8747 	WARNING 	User requested fullscreen with size [2560 1440], but screen is actually [3840, 2160]. Using actual size
16.5838 	EXP 	Created window1 = Window(allowGUI=False, allowStencil=False, args=UNKNOWN, autoLog=True, bitsMode=UNKNOWN, blendMode='avg', bpc=(8, 8, 8), color='black', colorSpace='named', depthBits=8, fullscr=<method-wrapper '__getattribute__' of attributeSetter object at 0x000002EAC7C6A588>, gamma=None, gammaErrorPolicy='raise', kwargs=UNKNOWN, lms=UNKNOWN, monitor=<psychopy.monitors.calibTools.Monitor object at 0x000002EAC7B83F60>, multiSample=False, name='window1', numSamples=2, pos=[0.0, 0.0], screen=0, size=array([3840, 2160]), stencilBits=0, stereo=False, units='height', useFBO=True, useRetina=False, viewOri=0.0, viewPos=None, viewScale=None, waitBlanking=True, winType='pyglet')
16.5838 	EXP 	window1: recordFrameIntervals = False
16.7486 	EXP 	window1: recordFrameIntervals = True
16.9330 	EXP 	window1: recordFrameIntervals = False
17.6219 	EXP 	Created text = TextStim(__class__=<class 'psychopy.visual.text.TextStim'>, alignHoriz=method-wrapper(...), alignText='center', alignVert=method-wrapper(...), anchorHoriz='center', anchorVert='center', antialias=True, autoLog=True, bold=False, color='white', colorSpace='named', contrast=1.0, depth=0.0, flipHoriz=False, flipVert=False, font='Arial', fontFiles=[], height=0.1, italic=False, languageStyle='LTR', name='text', opacity=1.0, ori=0, pos=array([0., 0.]), rgb=array([255., 255., 255.]), text='Press space key to start', units='height', win=Window(...), wrapWidth=1)
17.6338 	EXP 	Created image = ImageStim(__class__=<class 'psychopy.visual.image.ImageStim'>, autoLog=True, color=array([1., 1., 1.]), colorSpace='rgb', contrast=1.0, depth=0.0, flipHoriz=False, flipVert=False, image='sin', interpolate=True, mask=None, maskParams=None, name='image', opacity=1.0, ori=0.0, pos=array([0., 0.]), size=array([0.5, 0.5]), texRes=128, units='height', win=Window(...))
17.6819 	EXP 	Created text_2 = TextStim(__class__=<class 'psychopy.visual.text.TextStim'>, alignHoriz=method-wrapper(...), alignText='center', alignVert=method-wrapper(...), anchorHoriz='center', anchorVert='center', antialias=True, autoLog=True, bold=False, color='white', colorSpace='named', contrast=1.0, depth=0.0, flipHoriz=False, flipVert=False, font='Arial', fontFiles=[], height=0.1, italic=False, languageStyle='LTR', name='text_2', opacity=1.0, ori=0, pos=array([0., 0.]), rgb=array([255., 255., 255.]), text='Finished!', units='height', win=Window(...), wrapWidth=1)
17.8762 	EXP 	text: autoDraw = True
22.1611 	EXP 	Imported stimuli.xlsx as conditions, 24 conditions, 1 params
22.1615 	EXP 	Created sequence: sequential, trialTypes=24, nReps=24, seed=None
22.1621 	EXP 	New trial (rep=0, index=0): OrderedDict([('stimImage', 'Folie1.JPG')])
23.2668 	DATA 	Keypress: space
23.2841 	EXP 	text: autoDraw = False
23.2841 	EXP 	image: image = 'Folie1.JPG'
23.2841 	EXP 	image: autoDraw = True
31.9715 	EXP 	New trial (rep=0, index=1): OrderedDict([('stimImage', 'Folie2.JPG')])
32.3372 	EXP 	image: autoDraw = False
32.3372 	EXP 	image: image = 'Folie2.JPG'
32.3372 	EXP 	image: autoDraw = True
41.9636 	EXP 	New trial (rep=0, index=2): OrderedDict([('stimImage', 'Folie3.JPG')])
42.3219 	EXP 	image: autoDraw = False
42.3219 	EXP 	image: image = 'Folie3.JPG'
42.3219 	EXP 	image: autoDraw = True
42.7293 	DATA 	Keypress: escape
43.0032 	EXP 	window1: mouseVisible = True
