6.2239 	WARNING 	We strongly recommend you activate the PTB sound engine in PsychoPy prefs as the preferred audio engine. Its timing is vastly superior. Your prefs are currently set to use ['sounddevice', 'PTB', 'pyo', 'pygame'] (in that order).
24.4400 	WARNING 	User requested fullscreen with size [2560 1440], but screen is actually [3840, 2160]. Using actual size
27.6206 	EXP 	Created window1 = Window(allowGUI=False, allowStencil=False, args=UNKNOWN, autoLog=True, bitsMode=UNKNOWN, blendMode='avg', bpc=(8, 8, 8), color='black', colorSpace='named', depthBits=8, fullscr=<method-wrapper '__getattribute__' of attributeSetter object at 0x0000025270AD4518>, gamma=None, gammaErrorPolicy='raise', kwargs=UNKNOWN, lms=UNKNOWN, monitor=<psychopy.monitors.calibTools.Monitor object at 0x0000025270C71EF0>, multiSample=False, name='window1', numSamples=2, pos=[0.0, 0.0], screen=0, size=array([3840, 2160]), stencilBits=0, stereo=False, units='height', useFBO=True, useRetina=False, viewOri=0.0, viewPos=None, viewScale=None, waitBlanking=True, winType='pyglet')
27.6208 	EXP 	window1: recordFrameIntervals = False
27.7862 	EXP 	window1: recordFrameIntervals = True
27.9713 	EXP 	window1: recordFrameIntervals = False
28.6303 	EXP 	Created text = TextStim(__class__=<class 'psychopy.visual.text.TextStim'>, alignHoriz=method-wrapper(...), alignText='center', alignVert=method-wrapper(...), anchorHoriz='center', anchorVert='center', antialias=True, autoLog=True, bold=False, color='white', colorSpace='named', contrast=1.0, depth=0.0, flipHoriz=False, flipVert=False, font='Arial', fontFiles=[], height=0.1, italic=False, languageStyle='LTR', name='text', opacity=1.0, ori=0, pos=array([0., 0.]), rgb=array([255., 255., 255.]), text='Press space key to start', units='height', win=Window(...), wrapWidth=1)
28.6415 	EXP 	Created image = ImageStim(__class__=<class 'psychopy.visual.image.ImageStim'>, autoLog=True, color=array([1., 1., 1.]), colorSpace='rgb', contrast=1.0, depth=0.0, flipHoriz=False, flipVert=False, image='sin', interpolate=True, mask=None, maskParams=None, name='image', opacity=1.0, ori=0.0, pos=array([0., 0.]), size=array([0.5, 0.5]), texRes=128, units='height', win=Window(...))
28.6888 	EXP 	Created text_2 = TextStim(__class__=<class 'psychopy.visual.text.TextStim'>, alignHoriz=method-wrapper(...), alignText='center', alignVert=method-wrapper(...), anchorHoriz='center', anchorVert='center', antialias=True, autoLog=True, bold=False, color='white', colorSpace='named', contrast=1.0, depth=0.0, flipHoriz=False, flipVert=False, font='Arial', fontFiles=[], height=0.1, italic=False, languageStyle='LTR', name='text_2', opacity=1.0, ori=0, pos=array([0., 0.]), rgb=array([255., 255., 255.]), text='Finished!', units='height', win=Window(...), wrapWidth=1)
28.8569 	EXP 	text: autoDraw = True
41.7754 	EXP 	Imported stimuli.xlsx as conditions, 24 conditions, 1 params
41.7760 	EXP 	Created sequence: sequential, trialTypes=24, nReps=24, seed=None
41.7766 	EXP 	New trial (rep=0, index=0): OrderedDict([('stimImage', 'Folie1.JPG')])
42.8421 	DATA 	Keypress: space
42.8590 	EXP 	text: autoDraw = False
42.8590 	EXP 	image: image = 'Folie1.JPG'
42.8590 	EXP 	image: autoDraw = True
51.5143 	EXP 	New trial (rep=0, index=1): OrderedDict([('stimImage', 'Folie2.JPG')])
51.8585 	EXP 	image: autoDraw = False
51.8585 	EXP 	image: image = 'Folie2.JPG'
51.8585 	EXP 	image: autoDraw = True
61.5281 	EXP 	New trial (rep=0, index=2): OrderedDict([('stimImage', 'Folie3.JPG')])
61.8710 	EXP 	image: autoDraw = False
61.8710 	EXP 	image: image = 'Folie3.JPG'
61.8710 	EXP 	image: autoDraw = True
71.5248 	EXP 	New trial (rep=0, index=3): OrderedDict([('stimImage', 'Folie4.JPG')])
71.8640 	EXP 	image: autoDraw = False
71.8640 	EXP 	image: image = 'Folie4.JPG'
71.8640 	EXP 	image: autoDraw = True
73.8673 	DATA 	Keypress: escape
74.0688 	EXP 	window1: mouseVisible = True
